<?xml version="1.0" encoding="UTF-8"?>
<!-- Generated by org.testng.reporters.JUnitXMLReporter -->
<testsuite ignored="0" hostname="DESKTOP-S0P6QUG" failures="0" tests="5" name="Default test" time="0.054" errors="0" timestamp="30 Sep 2021 20:28:12 GMT">
  <testcase classname="package1.Day4" name="loginbankloan1" time="0.008"/>
  <testcase classname="package1.Day4" name="loginbankloan2" time="0.002"/>
  <testcase classname="package1.Day4" name="loginbankloan3" time="0.002"/>
  <testcase classname="package1.Day4" name="loginbankloan3" time="0.003"/>
  <testcase classname="package1.Day4" name="loginbankloan4" time="0.004"/>
</testsuite> <!-- Default test -->
