<?xml version="1.0" encoding="UTF-8"?>
<!-- Generated by org.testng.reporters.JUnitXMLReporter -->
<testsuite ignored="0" hostname="DESKTOP-S0P6QUG" failures="1" tests="13" name="Test" time="0.119" errors="0" timestamp="30 Sep 2021 20:54:22 GMT">
  <testcase classname="package1.Day3" name="loginpersonalloan1" time="0.012"/>
  <testcase classname="package1.Day3" name="loginpersonalloan2" time="0.003"/>
  <testcase classname="package1.Day3" name="loginpersonalloan3" time="0.002"/>
  <testcase classname="package1.Day3" name="loginpersonalloan4" time="0.002"/>
  <testcase classname="package1.Day4" name="loginbankloan1" time="0.002"/>
  <testcase classname="package1.Day4" name="loginbankloan2" time="0.004">
    <failure type="java.lang.AssertionError" message="expected [false] but found [true]">
      <![CDATA[java.lang.AssertionError: expected [false] but found [true]
at package1.Day4.loginbankloan2(Day4.java:25)
... Removed 31 stack frames]]>
    </failure>
  </testcase> <!-- loginbankloan2 -->
  <testcase classname="package1.Day4" name="loginbankloan3" time="0.001"/>
  <testcase classname="package1.Day4" name="loginbankloan3" time="0.026"/>
  <testcase classname="package1.Day4" name="loginbankloan4" time="0.003"/>
  <testcase classname="package1.Day1" name="loginhomeloan1" time="0.002"/>
  <testcase classname="package1.Day1" name="loginhomeloan2" time="0.002"/>
  <testcase classname="package1.Day1" name="loginhomeloan3" time="0.003"/>
  <testcase classname="package1.Day1" name="loginhomeloan4" time="0.001"/>
</testsuite> <!-- Test -->
