<?xml version="1.0" encoding="UTF-8"?>
<!-- Generated by org.testng.reporters.JUnitXMLReporter -->
<testsuite ignored="4" hostname="DESKTOP-S0P6QUG" failures="0" tests="0" time="0.001" errors="0" timestamp="30 Sep 2021 19:15:45 GMT">
  <testcase classname="package1.Day4" name="loginbankloan1" time="0.0">
    <ignored/>
  </testcase> <!-- loginbankloan1 -->
  <testcase classname="package1.Day4" name="loginbankloan4" time="0.0">
    <ignored/>
  </testcase> <!-- loginbankloan4 -->
  <testcase classname="package1.Day4" name="loginbankloan3" time="0.0">
    <ignored/>
  </testcase> <!-- loginbankloan3 -->
  <testcase classname="package1.Day4" name="loginbankloan2" time="0.0">
    <ignored/>
  </testcase> <!-- loginbankloan2 -->
</testsuite>
