<?xml version="1.0" encoding="UTF-8"?>
<!-- Generated by org.testng.reporters.JUnitXMLReporter -->
<testsuite ignored="3" hostname="DESKTOP-S0P6QUG" failures="0" tests="1" name="Car loan" time="0.088" errors="0" timestamp="30 Sep 2021 19:10:55 GMT">
  <testcase classname="package1.Day2" name="logincarloan2" time="0.016"/>
  <testcase classname="package1.Day2" name="logincarloan3" time="0.0">
    <ignored/>
  </testcase> <!-- logincarloan3 -->
  <testcase classname="package1.Day2" name="logincarloan4" time="0.0">
    <ignored/>
  </testcase> <!-- logincarloan4 -->
  <testcase classname="package1.Day2" name="logincarloan1" time="0.0">
    <ignored/>
  </testcase> <!-- logincarloan1 -->
</testsuite> <!-- Car loan -->
