<?xml version="1.0" encoding="UTF-8"?>
<!-- Generated by org.testng.reporters.JUnitXMLReporter -->
<testsuite ignored="4" hostname="DESKTOP-S0P6QUG" failures="0" tests="0" time="0.009" errors="0" timestamp="30 Sep 2021 19:10:54 GMT">
  <testcase classname="package1.Day1" name="loginhomeloan3" time="0.0">
    <ignored/>
  </testcase> <!-- loginhomeloan3 -->
  <testcase classname="package1.Day1" name="loginhomeloan4" time="0.0">
    <ignored/>
  </testcase> <!-- loginhomeloan4 -->
  <testcase classname="package1.Day1" name="loginhomeloan1" time="0.0">
    <ignored/>
  </testcase> <!-- loginhomeloan1 -->
  <testcase classname="package1.Day1" name="loginhomeloan2" time="0.0">
    <ignored/>
  </testcase> <!-- loginhomeloan2 -->
</testsuite>
