<?xml version="1.0" encoding="UTF-8"?>
<!-- Generated by org.testng.reporters.JUnitXMLReporter -->
<testsuite ignored="0" hostname="DESKTOP-S0P6QUG" failures="0" tests="12" name="Human loan" time="0.14" errors="0" timestamp="30 Sep 2021 19:15:45 GMT">
  <testcase classname="package1.Day1" name="loginhomeloan1" time="0.011"/>
  <testcase classname="package1.Day1" name="loginhomeloan2" time="0.002"/>
  <testcase classname="package1.Day1" name="loginhomeloan3" time="0.003"/>
  <testcase classname="package1.Day1" name="loginhomeloan4" time="0.002"/>
  <testcase classname="package1.Day2" name="logincarloan1" time="0.002"/>
  <testcase classname="package1.Day2" name="logincarloan2" time="0.002"/>
  <testcase classname="package1.Day2" name="logincarloan3" time="0.008"/>
  <testcase classname="package1.Day2" name="logincarloan4" time="0.003"/>
  <testcase classname="package1.Day3" name="loginpersonalloan1" time="0.008"/>
  <testcase classname="package1.Day3" name="loginpersonalloan2" time="0.006"/>
  <testcase classname="package1.Day3" name="loginpersonalloan3" time="0.003"/>
  <testcase classname="package1.Day3" name="loginpersonalloan4" time="0.003"/>
</testsuite> <!-- Human loan -->
