<?xml version="1.0" encoding="UTF-8"?>
<!-- Generated by org.testng.reporters.JUnitXMLReporter -->
<testsuite ignored="0" hostname="DESKTOP-S0P6QUG" failures="0" tests="8" name="loan" time="0.055" errors="0" timestamp="30 Sep 2021 18:56:05 GMT">
  <testcase classname="package1.Day1" name="loginhomeloan1" time="0.01"/>
  <testcase classname="package1.Day1" name="loginhomeloan2" time="0.002"/>
  <testcase classname="package1.Day1" name="loginhomeloan3" time="0.002"/>
  <testcase classname="package1.Day1" name="loginhomeloan4" time="0.002"/>
  <testcase classname="package1.Day2" name="logincarloan1" time="0.002"/>
  <testcase classname="package1.Day2" name="logincarloan2" time="0.002"/>
  <testcase classname="package1.Day2" name="logincarloan3" time="0.001"/>
  <testcase classname="package1.Day2" name="logincarloan4" time="0.001"/>
</testsuite> <!-- loan -->
