<?xml version="1.0" encoding="UTF-8"?>
<!-- Generated by org.testng.reporters.JUnitXMLReporter -->
<testsuite ignored="0" hostname="DESKTOP-S0P6QUG" failures="0" tests="4" name="Personal loan" time="0.019" errors="0" timestamp="30 Sep 2021 19:10:55 GMT">
  <testcase classname="package1.Day3" name="loginpersonalloan1" time="0.001"/>
  <testcase classname="package1.Day3" name="loginpersonalloan2" time="0.004"/>
  <testcase classname="package1.Day3" name="loginpersonalloan3" time="0.003"/>
  <testcase classname="package1.Day3" name="loginpersonalloan4" time="0.001"/>
</testsuite> <!-- Personal loan -->
